#
# There is insufficient memory for the Java Runtime Environment to continue.
# Native memory allocation (mmap) failed to map 127926272 bytes. Error detail: G1 virtual space
# Possible reasons:
#   The system is out of physical RAM or swap space
#   This process is running with CompressedOops enabled, and the Java Heap may be blocking the growth of the native heap
# Possible solutions:
#   Reduce memory load on the system
#   Increase physical memory or swap space
#   Check if swap backing store is full
#   Decrease Java heap size (-Xmx/-Xms)
#   Decrease number of Java threads
#   Decrease Java thread stack sizes (-Xss)
#   Set larger code cache with -XX:ReservedCodeCacheSize=
#   JVM is running with Unscaled Compressed Oops mode in which the Java heap is
#     placed in the first 4GB address space. The Java Heap base address is the
#     maximum limit for the native heap growth. Please use -XX:HeapBaseMinAddress
#     to set the Java Heap base and to place the Java Heap above 4GB virtual address.
# This output file may be truncated or incomplete.
#
#  Out of Memory Error (os_windows.cpp:3825), pid=7272, tid=2252
#
# JRE version:  (17.0.12+1) (build )
# Java VM: OpenJDK 64-Bit Server VM (17.0.12+1-b1087.25, mixed mode, sharing, tiered, compressed oops, compressed class ptrs, g1 gc, windows-amd64)
# No core dump will be written. Minidumps are not enabled by default on client versions of Windows
#

---------------  S U M M A R Y ------------

Command Line: -javaagent:C:\Program Files\JetBrains\IntelliJ IDEA Community Edition 2022.2\lib\idea_rt.jar=55140:C:\Program Files\JetBrains\IntelliJ IDEA Community Edition 2022.2\bin -Dfile.encoding=UTF-8 Main

Host: Intel(R) Core(TM) i3-10100 CPU @ 3.60GHz, 8 cores, 7G,  Windows 10 , 64 bit Build 19041 (10.0.19041.4842)
Time: Tue Oct  1 16:57:28 2024 RTZ 2 (s 10 , 64 bit Build 19041 (10.0.19041.4842) elapsed time: 0.019688 seconds (0d 0h 0m 0s)

---------------  T H R E A D  ---------------

Current thread (0x000001dfbd8adf70):  JavaThread "Unknown thread" [_thread_in_vm, id=2252, stack(0x0000005734b00000,0x0000005734c00000)]

Stack: [0x0000005734b00000,0x0000005734c00000]
Native frames: (J=compiled Java code, j=interpreted, Vv=VM code, C=native code)
V  [jvm.dll+0x688dd9]  os::platform_print_native_stack+0xd9  (os_windows_x86.cpp:235)
V  [jvm.dll+0x842eaa]  VMError::report+0xc6a  (vmError.cpp:855)
V  [jvm.dll+0x844aee]  VMError::report_and_die+0x78e  (vmError.cpp:1749)
V  [jvm.dll+0x845153]  VMError::report_and_die+0x43  (vmError.cpp:1535)
V  [jvm.dll+0x24ba3f]  report_vm_out_of_memory+0x8f  (debug.cpp:321)
V  [jvm.dll+0x685ba9]  os::pd_commit_memory_or_exit+0xc9  (os_windows.cpp:3833)
V  [jvm.dll+0x67a45a]  os::commit_memory_or_exit+0x2a  (os.cpp:1732)
V  [jvm.dll+0x30c60b]  G1PageBasedVirtualSpace::commit+0x19b  (g1PageBasedVirtualSpace.cpp:204)
V  [jvm.dll+0x313ab6]  G1RegionsLargerThanCommitSizeMapper::commit_regions+0x96  (g1RegionToSpaceMapper.cpp:100)
V  [jvm.dll+0x363c6e]  HeapRegionManager::expand_any+0xee  (heapRegionManager.cpp:363)
V  [jvm.dll+0x363e9f]  HeapRegionManager::expand_by+0x7f  (heapRegionManager.cpp:380)
V  [jvm.dll+0x2e2658]  G1CollectedHeap::expand+0xb8  (g1CollectedHeap.cpp:1292)
V  [jvm.dll+0x2e3594]  G1CollectedHeap::initialize+0x664  (g1CollectedHeap.cpp:1713)
V  [jvm.dll+0x813b31]  universe_init+0xb1  (universe.cpp:736)
V  [jvm.dll+0x3719c1]  init_globals+0x31  (init.cpp:124)
V  [jvm.dll+0x7f2626]  Threads::create_vm+0x5d6  (thread.cpp:2909)
V  [jvm.dll+0x3f563f]  JNI_CreateJavaVM_inner+0x8f  (jni.cpp:3640)
V  [jvm.dll+0x3f7191]  JNI_CreateJavaVM+0x11  (jni.cpp:3732)
C  [jli.dll+0x528f]  JavaMain+0x113  (java.c:413)
C  [ucrtbase.dll+0x21bb2]
C  [KERNEL32.DLL+0x17374]
C  [ntdll.dll+0x4cc91]


---------------  P R O C E S S  ---------------

Threads class SMR info:
_java_thread_list=0x00007ffc46150f58, length=0, elements={
}

Java Threads: ( => current thread )

Other Threads:
  0x000001dfbd904bd0 GCTaskThread "GC Thread#0" [stack: 0x0000005734c00000,0x0000005734d00000] [id=4456]
  0x000001dfbd915ef0 ConcurrentGCThread "G1 Main Marker" [stack: 0x0000005734d00000,0x0000005734e00000] [id=12864]
  0x000001dfbd916910 ConcurrentGCThread "G1 Conc#0" [stack: 0x0000005734e00000,0x0000005734f00000] [id=7528]

[error occurred during error reporting (printing all threads), id 0xc0000005, EXCEPTION_ACCESS_VIOLATION (0xc0000005) at pc=0x00007ffc459031c7]

VM state: not at safepoint (not fully initialized)

VM Mutex/Monitor currently owned by a thread:  ([mutex/lock_event])
[0x000001dfbd8a6be0] Heap_lock - owner thread: 0x000001dfbd8adf70

Heap address: 0x0000000086200000, size: 1950 MB, Compressed Oops mode: 32-bit

CDS archive(s) mapped at: [0x0000000000000000-0x0000000000000000-0x0000000000000000), size 0, SharedBaseAddress: 0x0000000800000000, ArchiveRelocationMode: 1.
Narrow klass base: 0x0000000000000000, Narrow klass shift: 0, Narrow klass range: 0x0

GC Precious Log:
<Empty>

Heap:
 garbage-first heap   total 0K, used 0K [0x0000000086200000, 0x0000000100000000)
  region size 1024K, 0 young (0K), 0 survivors (0K)
 Metaspace       used 0K, committed 0K, reserved 0K
  class space    used 0K, committed 0K, reserved 0K

Heap Regions: E=young(eden), S=young(survivor), O=old, HS=humongous(starts), HC=humongous(continues), CS=collection set, F=free, OA=open archive, CA=closed archive, TAMS=top-at-mark-start (previous, next)

Card table byte_map: [0x000001dfd0790000,0x000001dfd0b60000] _byte_map_base: 0x000001dfd035f000

Marking Bits (Prev, Next): (CMBitMap*) 0x000001dfbd9051f0, (CMBitMap*) 0x000001dfbd905230
 Prev Bits: [0x000001dfd0f30000, 0x000001dfd2da8000)
 Next Bits: [0x000001dfd2db0000, 0x000001dfd4c28000)

GC Heap History (0 events):
No events

Dll operation events (1 events):
Event: 0.015 Loaded shared library C:\Users\guick\.jdks\jbr-17.0.12\bin\java.dll

Deoptimization events (0 events):
No events

Classes unloaded (0 events):
No events

Classes redefined (0 events):
No events

Internal exceptions (0 events):
No events

VM Operations (0 events):
No events

Events (0 events):
No events


Dynamic libraries:
0x00007ff6ddcc0000 - 0x00007ff6ddcca000 	C:\Users\guick\.jdks\jbr-17.0.12\bin\java.exe
0x00007ffc92a10000 - 0x00007ffc92c08000 	C:\WINDOWS\SYSTEM32\ntdll.dll
0x00007ffc90db0000 - 0x00007ffc90e71000 	C:\WINDOWS\System32\KERNEL32.DLL
0x00007ffc901c0000 - 0x00007ffc904bd000 	C:\WINDOWS\System32\KERNELBASE.dll
0x00007ffc90860000 - 0x00007ffc90960000 	C:\WINDOWS\System32\ucrtbase.dll
0x00007ffc8d4b0000 - 0x00007ffc8d4c7000 	C:\Users\guick\.jdks\jbr-17.0.12\bin\jli.dll
0x00007ffc91190000 - 0x00007ffc9132d000 	C:\WINDOWS\System32\USER32.dll
0x00007ffc90510000 - 0x00007ffc90532000 	C:\WINDOWS\System32\win32u.dll
0x00007ffc91330000 - 0x00007ffc9135b000 	C:\WINDOWS\System32\GDI32.dll
0x00007ffc90740000 - 0x00007ffc90857000 	C:\WINDOWS\System32\gdi32full.dll
0x00007ffc90540000 - 0x00007ffc905dd000 	C:\WINDOWS\System32\msvcp_win.dll
0x00007ffc8a160000 - 0x00007ffc8a17b000 	C:\Users\guick\.jdks\jbr-17.0.12\bin\VCRUNTIME140.dll
0x00007ffc78820000 - 0x00007ffc78aba000 	C:\WINDOWS\WinSxS\amd64_microsoft.windows.common-controls_6595b64144ccf1df_6.0.19041.4355_none_60b8b9eb71f62e16\COMCTL32.dll
0x00007ffc91010000 - 0x00007ffc910ae000 	C:\WINDOWS\System32\msvcrt.dll
0x00007ffc91810000 - 0x00007ffc9183f000 	C:\WINDOWS\System32\IMM32.DLL
0x00007ffc8a4e0000 - 0x00007ffc8a4ec000 	C:\Users\guick\.jdks\jbr-17.0.12\bin\vcruntime140_1.dll
0x00007ffc88690000 - 0x00007ffc8871d000 	C:\Users\guick\.jdks\jbr-17.0.12\bin\msvcp140.dll
0x00007ffc45610000 - 0x00007ffc46295000 	C:\Users\guick\.jdks\jbr-17.0.12\bin\server\jvm.dll
0x00007ffc90c50000 - 0x00007ffc90d00000 	C:\WINDOWS\System32\ADVAPI32.dll
0x00007ffc91a80000 - 0x00007ffc91b20000 	C:\WINDOWS\System32\sechost.dll
0x00007ffc91b20000 - 0x00007ffc91c43000 	C:\WINDOWS\System32\RPCRT4.dll
0x00007ffc90a10000 - 0x00007ffc90a37000 	C:\WINDOWS\System32\bcrypt.dll
0x00007ffc8fe70000 - 0x00007ffc8febb000 	C:\WINDOWS\SYSTEM32\POWRPROF.dll
0x00007ffc8d630000 - 0x00007ffc8d639000 	C:\WINDOWS\SYSTEM32\WSOCK32.dll
0x00007ffc91840000 - 0x00007ffc918ab000 	C:\WINDOWS\System32\WS2_32.dll
0x00007ffc7ea40000 - 0x00007ffc7ea67000 	C:\WINDOWS\SYSTEM32\WINMM.dll
0x00007ffc8a790000 - 0x00007ffc8a79a000 	C:\WINDOWS\SYSTEM32\VERSION.dll
0x00007ffc8fe50000 - 0x00007ffc8fe62000 	C:\WINDOWS\SYSTEM32\UMPDC.dll
0x00007ffc8df60000 - 0x00007ffc8df72000 	C:\WINDOWS\SYSTEM32\kernel.appcore.dll
0x00007ffc8a150000 - 0x00007ffc8a15a000 	C:\Users\guick\.jdks\jbr-17.0.12\bin\jimage.dll
0x00007ffc7ddd0000 - 0x00007ffc7dfb4000 	C:\WINDOWS\SYSTEM32\DBGHELP.DLL
0x00007ffc6eb80000 - 0x00007ffc6ebb4000 	C:\WINDOWS\SYSTEM32\dbgcore.DLL
0x00007ffc900c0000 - 0x00007ffc90142000 	C:\WINDOWS\System32\bcryptPrimitives.dll
0x00007ffc8a140000 - 0x00007ffc8a14e000 	C:\Users\guick\.jdks\jbr-17.0.12\bin\instrument.dll
0x00007ffc89920000 - 0x00007ffc89945000 	C:\Users\guick\.jdks\jbr-17.0.12\bin\java.dll

dbghelp: loaded successfully - version: 4.0.5 - missing functions: none
symbol engine: initialized successfully - sym options: 0x614 - pdb path: .;C:\Users\guick\.jdks\jbr-17.0.12\bin;C:\WINDOWS\SYSTEM32;C:\WINDOWS\WinSxS\amd64_microsoft.windows.common-controls_6595b64144ccf1df_6.0.19041.4355_none_60b8b9eb71f62e16;C:\Users\guick\.jdks\jbr-17.0.12\bin\server

VM Arguments:
jvm_args: -javaagent:C:\Program Files\JetBrains\IntelliJ IDEA Community Edition 2022.2\lib\idea_rt.jar=55140:C:\Program Files\JetBrains\IntelliJ IDEA Community Edition 2022.2\bin -Dfile.encoding=UTF-8 
java_command: Main
java_class_path (initial): D:\IDE\xmlPars\out\production\xmlPars
Launcher Type: SUN_STANDARD

[Global flags]
     intx CICompilerCount                          = 4                                         {product} {ergonomic}
     uint ConcGCThreads                            = 2                                         {product} {ergonomic}
     uint G1ConcRefinementThreads                  = 8                                         {product} {ergonomic}
   size_t G1HeapRegionSize                         = 1048576                                   {product} {ergonomic}
    uintx GCDrainStackTargetSize                   = 64                                        {product} {ergonomic}
   size_t InitialHeapSize                          = 127926272                                 {product} {ergonomic}
   size_t MarkStackSize                            = 4194304                                   {product} {ergonomic}
   size_t MaxHeapSize                              = 2044723200                                {product} {ergonomic}
   size_t MinHeapDeltaBytes                        = 1048576                                   {product} {ergonomic}
   size_t MinHeapSize                              = 8388608                                   {product} {ergonomic}
    uintx NonNMethodCodeHeapSize                   = 5839372                                {pd product} {ergonomic}
    uintx NonProfiledCodeHeapSize                  = 122909434                              {pd product} {ergonomic}
    uintx ProfiledCodeHeapSize                     = 122909434                              {pd product} {ergonomic}
    uintx ReservedCodeCacheSize                    = 251658240                              {pd product} {ergonomic}
     bool SegmentedCodeCache                       = true                                      {product} {ergonomic}
   size_t SoftMaxHeapSize                          = 2044723200                             {manageable} {ergonomic}
     bool UseCompressedClassPointers               = true                           {product lp64_product} {ergonomic}
     bool UseCompressedOops                        = true                           {product lp64_product} {ergonomic}
     bool UseG1GC                                  = true                                      {product} {ergonomic}
     bool UseLargePagesIndividualAllocation        = false                                  {pd product} {ergonomic}

Logging:
Log output configuration:
 #0: stdout all=warning uptime,level,tags
 #1: stderr all=off uptime,level,tags

Environment Variables:
PATH=C:\Program Files (x86)\Common Files\Oracle\Java\java8path;C:\Program Files (x86)\Common Files\Oracle\Java\javapath;C:\WINDOWS\system32;C:\WINDOWS;C:\WINDOWS\System32\Wbem;C:\WINDOWS\System32\WindowsPowerShell\v1.0\;C:\WINDOWS\System32\OpenSSH\;C:\Program Files\Git\cmd;C:\Program Files (x86)\Windows Kits\10\Windows Performance Toolkit\;C:\Program Files\dotnet\;C:\Users\guick\AppData\Local\Microsoft\WindowsApps;;C:\Program Files\JetBrains\PyCharm Community Edition 2022.2\bin;;C:\Program Files\JetBrains\IntelliJ IDEA Community Edition 2022.2\bin;;C:\Users\guick\AppData\Local\Programs\Microsoft VS Code\bin
USERNAME=guick
OS=Windows_NT
PROCESSOR_IDENTIFIER=Intel64 Family 6 Model 165 Stepping 3, GenuineIntel
TMP=C:\Users\guick\AppData\Local\Temp
TEMP=C:\Users\guick\AppData\Local\Temp



Periodic native trim disabled

JNI global refs:
JNI global refs: 0, weak refs: 0

JNI global refs memory usage: 0, weak refs: 0

OOME stack traces (most recent first):
Classloader memory used:


---------------  S Y S T E M  ---------------

OS:
 Windows 10 , 64 bit Build 19041 (10.0.19041.4842)
OS uptime: 0 days 20:50 hours

CPU: total 8 (initial active 8) (4 cores per cpu, 2 threads per core) family 6 model 165 stepping 3 microcode 0xe0, cx8, cmov, fxsr, ht, mmx, 3dnowpref, sse, sse2, sse3, ssse3, sse4.1, sse4.2, popcnt, lzcnt, tsc, tscinvbit, avx, avx2, aes, erms, clmul, bmi1, bmi2, adx, fma, vzeroupper, clflush, clflushopt
Processor Information for all 8 processors :
  Max Mhz: 3600, Current Mhz: 3600, Mhz Limit: 3600

Memory: 4k page, system-wide physical 7799M (701M free)
TotalPageFile size 9847M (AvailPageFile size 204M)
current process WorkingSet (physical memory assigned to process): 37M, peak: 37M
current process commit charge ("private bytes"): 86M, peak: 182M

vm_info: OpenJDK 64-Bit Server VM (17.0.12+1-b1087.25) for windows-amd64 JRE (17.0.12+1-b1087.25), built on 2024-08-30 by "builduser" with MS VC++ 16.10 / 16.11 (VS2019)

END.
